<?xml version="1.0" encoding="UTF-8"?>
<!-- Generated by org.testng.reporters.JUnitXMLReporter -->
<testsuite ignored="0" hostname="Madan" failures="1" tests="20" name="All Test Cases" time="677.439" errors="0" timestamp="2025-10-24T20:12:08 IST">
  <testcase classname="testCases.TC101_ToVerifyValidLoginDetails" name="ValidLoginDetails" time="2.308"/>
  <testcase classname="testCases.TC102_toVerifyCheckIn_CheckOut_Dates" name="verifyingChkInAndChkOutDates" time="4.469"/>
  <testcase classname="testCases.TC103_ToVerifyErrorMSGInDateField" name="toVerifyErrorMSGInDateField" time="3.936"/>
  <testcase classname="testCases.TC104_VerifyingTheSearchHotelDetails" name="verifyingTheSearchHotelDetails" time="6.103">
    <failure type="java.lang.AssertionError" message="expected [4] but found [4 Rooms]">
      <![CDATA[java.lang.AssertionError: expected [4] but found [4 Rooms]
at testCases.TC104_VerifyingTheSearchHotelDetails.verifyingTheSearchHotelDetails(TC104_VerifyingTheSearchHotelDetails.java:52)
at java.base/java.util.ArrayList.forEach(ArrayList.java:1511)
... Removed 33 stack frames]]>
    </failure>
  </testcase> <!-- verifyingTheSearchHotelDetails -->
  <testcase classname="testCases.TC105_ToVerifyChkIn_Out_DateProper_SearchHotel" name="verifyingChkInAndChkOutDates" time="6.39"/>
  <testcase classname="testCases.TC106_ToVerifyNumOfRooms_SearchHotel" name="toVerifyNumOfRooms" time="5.347"/>
  <testcase classname="testCases.TC107_ToVerifyRoomType_SearchHotel" name="toVerifyRoomType" time="5.082"/>
  <testcase classname="testCases.TC108_VerifyTheTotalPricesOfTheRooms" name="toVerifyNumOfRooms" time="5.839"/>
  <testcase classname="testCases.TC109_LogOutFromTheBookHotelPage" name="toVerifylogOutfromBookHotelPage" time="8.435"/>
  <testcase classname="testCases.TC110_VerifyTheTotalPricesOfTheRoomsWithGST" name="toVerifyNumOfRooms" time="5.074"/>
  <testcase classname="testCases.TC111_ValidatingFields_BookHotelPage" name="toValidatingFieldsInBookHotelPage" time="7.244"/>
  <testcase classname="testCases.TC112_ValidatingFinalBillPrice_BookHotel" name="toValidatingFieldsofTotalPrice" time="8.093"/>
  <testcase classname="testCases.TC113_VerifyingDates_BookingConfirm" name="toVerifyingDatesInBookingConfirm" time="27.113"/>
  <testcase classname="testCases.TC114_VerifyingOrderNumber_BookingConfirm" name="toVerifyingDatesInBookingConfirm" time="26.544"/>
  <testcase classname="testCases.TC115_VerifyingIfItineraryDetailsEditable_SelectHotel" name="toVerifyingDatesInBookingConfirm" time="36.511"/>
  <testcase classname="testCases.TC116_VerifyingIfItineraryDetailsReflectingCorrect_SelectHotel" name="toVerifyingFieldsInSelectHotel" time="41.907"/>
  <testcase classname="testCases.TC117_VerifyingIfSearchIdShowingValidDeatils_SelectHotel" name="toVerifyingFieldsInSelectHotel" time="75.511"/>
  <testcase classname="testCases.TC118_VerifyingIfSearchIdShowingValidDeatils_SelectHotel" name="toVerifyingFieldsInSelectHotel" time="108.832"/>
  <testcase classname="testCases.TC119_VerifyingIfOrderIdDeleted_SelectHotel" name="toVerifyingIfOrderIdDeleted" time="97.528"/>
  <testcase classname="testCases.TC120_VerifyAllPagesTitles" name="titlesVerify" time="10.909"/>
</testsuite> <!-- All Test Cases -->
