<?xml version="1.0" encoding="UTF-8"?>
<testng-results ignored="0" total="2" passed="1" failed="1" skipped="0">
  <reporter-output>
  </reporter-output>
  <suite started-at="2025-10-19T17:55:03 IST" name="regression" finished-at="2025-10-19T17:55:22 IST" duration-ms="18987">
    <groups>
    </groups>
    <test started-at="2025-10-19T17:55:03 IST" name="Test" finished-at="2025-10-19T17:55:22 IST" duration-ms="18987">
      <class name="testCases.TC102_ValidatingForgotPossword">
        <test-method is-config="true" signature="setUp()[pri:0, instance:testCases.TC102_ValidatingForgotPossword@1e9804b9]" started-at="2025-10-19T17:55:14 IST" name="setUp" finished-at="2025-10-19T17:55:17 IST" duration-ms="3459" status="PASS">
          <reporter-output>
          </reporter-output>
        </test-method> <!-- setUp -->
        <test-method signature="validatingForgotPossword()[pri:0, instance:testCases.TC102_ValidatingForgotPossword@1e9804b9]" started-at="2025-10-19T17:55:17 IST" name="validatingForgotPossword" finished-at="2025-10-19T17:55:19 IST" duration-ms="1594" status="PASS">
          <reporter-output>
          </reporter-output>
        </test-method> <!-- validatingForgotPossword -->
        <test-method is-config="true" signature="tearDown(org.testng.ITestResult)[pri:0, instance:testCases.TC102_ValidatingForgotPossword@1e9804b9]" started-at="2025-10-19T17:55:19 IST" name="tearDown" finished-at="2025-10-19T17:55:22 IST" duration-ms="3306" status="PASS">
          <params>
            <param index="0">
              <value>
                <![CDATA[[TestResult name=validatingForgotPossword status=SUCCESS method=TC102_ValidatingForgotPossword.validatingForgotPossword()[pri:0, instance:testCases.TC102_ValidatingForgotPossword@1e9804b9] output={null}]]]>
              </value>
            </param>
          </params>
          <reporter-output>
          </reporter-output>
        </test-method> <!-- tearDown -->
      </class> <!-- testCases.TC102_ValidatingForgotPossword -->
      <class name="testCases.TC101_ToVerifyValidLoginDetails">
        <test-method is-config="true" signature="setUp()[pri:0, instance:testCases.TC101_ToVerifyValidLoginDetails@66e889df]" started-at="2025-10-19T17:55:03 IST" name="setUp" finished-at="2025-10-19T17:55:10 IST" duration-ms="6604" status="PASS">
          <reporter-output>
          </reporter-output>
        </test-method> <!-- setUp -->
        <test-method signature="ValidLoginDetails()[pri:0, instance:testCases.TC101_ToVerifyValidLoginDetails@66e889df]" started-at="2025-10-19T17:55:10 IST" name="ValidLoginDetails" finished-at="2025-10-19T17:55:10 IST" duration-ms="270" status="FAIL">
          <exception class="java.lang.AssertionError">
            <message>
              <![CDATA[expected [Adactin.com - Search Hotel] but found [Adactin.com - Hotel Reservation System]]]>
            </message>
            <full-stacktrace>
              <![CDATA[java.lang.AssertionError: expected [Adactin.com - Search Hotel] but found [Adactin.com - Hotel Reservation System]
at org.testng.Assert.fail(Assert.java:111)
at org.testng.Assert.failNotEquals(Assert.java:1578)
at org.testng.Assert.assertEqualsImpl(Assert.java:150)
at org.testng.Assert.assertEquals(Assert.java:132)
at org.testng.Assert.assertEquals(Assert.java:656)
at org.testng.Assert.assertEquals(Assert.java:666)
at testCases.TC101_ToVerifyValidLoginDetails.ValidLoginDetails(TC101_ToVerifyValidLoginDetails.java:37)
at java.base/jdk.internal.reflect.DirectMethodHandleAccessor.invoke(DirectMethodHandleAccessor.java:103)
at java.base/java.lang.reflect.Method.invoke(Method.java:580)
at org.testng.internal.invokers.MethodInvocationHelper.invokeMethod(MethodInvocationHelper.java:141)
at org.testng.internal.invokers.TestInvoker.invokeMethod(TestInvoker.java:686)
at org.testng.internal.invokers.TestInvoker.invokeTestMethod(TestInvoker.java:230)
at org.testng.internal.invokers.MethodRunner.runInSequence(MethodRunner.java:63)
at org.testng.internal.invokers.TestInvoker$MethodInvocationAgent.invoke(TestInvoker.java:992)
at org.testng.internal.invokers.TestInvoker.invokeTestMethods(TestInvoker.java:203)
at org.testng.internal.invokers.TestMethodWorker.invokeTestMethods(TestMethodWorker.java:154)
at org.testng.internal.invokers.TestMethodWorker.run(TestMethodWorker.java:134)
at java.base/java.util.ArrayList.forEach(ArrayList.java:1596)
at org.testng.TestRunner.privateRun(TestRunner.java:739)
at org.testng.TestRunner.run(TestRunner.java:614)
at org.testng.SuiteRunner.runTest(SuiteRunner.java:421)
at org.testng.SuiteRunner.runSequentially(SuiteRunner.java:413)
at org.testng.SuiteRunner.privateRun(SuiteRunner.java:373)
at org.testng.SuiteRunner.run(SuiteRunner.java:312)
at org.testng.SuiteRunnerWorker.runSuite(SuiteRunnerWorker.java:52)
at org.testng.SuiteRunnerWorker.run(SuiteRunnerWorker.java:95)
at org.testng.TestNG.runSuitesSequentially(TestNG.java:1274)
at org.testng.TestNG.runSuitesLocally(TestNG.java:1208)
at org.testng.TestNG.runSuites(TestNG.java:1112)
at org.testng.TestNG.run(TestNG.java:1079)
at org.apache.maven.surefire.testng.TestNGExecutor.run(TestNGExecutor.java:308)
at org.apache.maven.surefire.testng.TestNGXmlTestSuite.execute(TestNGXmlTestSuite.java:71)
at org.apache.maven.surefire.testng.TestNGProvider.invoke(TestNGProvider.java:113)
at org.apache.maven.surefire.booter.ForkedBooter.runSuitesInProcess(ForkedBooter.java:385)
at org.apache.maven.surefire.booter.ForkedBooter.execute(ForkedBooter.java:162)
at org.apache.maven.surefire.booter.ForkedBooter.run(ForkedBooter.java:507)
at org.apache.maven.surefire.booter.ForkedBooter.main(ForkedBooter.java:495)
]]>
            </full-stacktrace>
          </exception> <!-- java.lang.AssertionError -->
          <reporter-output>
          </reporter-output>
        </test-method> <!-- ValidLoginDetails -->
        <test-method is-config="true" signature="tearDown(org.testng.ITestResult)[pri:0, instance:testCases.TC101_ToVerifyValidLoginDetails@66e889df]" started-at="2025-10-19T17:55:10 IST" name="tearDown" finished-at="2025-10-19T17:55:14 IST" duration-ms="3465" status="PASS">
          <params>
            <param index="0">
              <value>
                <![CDATA[[TestResult name=ValidLoginDetails status=FAILURE method=TC101_ToVerifyValidLoginDetails.ValidLoginDetails()[pri:0, instance:testCases.TC101_ToVerifyValidLoginDetails@66e889df] output={null}]]]>
              </value>
            </param>
          </params>
          <reporter-output>
          </reporter-output>
        </test-method> <!-- tearDown -->
      </class> <!-- testCases.TC101_ToVerifyValidLoginDetails -->
    </test> <!-- Test -->
  </suite> <!-- regression -->
</testng-results>
